2018-02-25T04:07:32+00:00 Chris-PC#00 I: Runner: processes
2018-02-25T04:07:32+00:00 Chris-PC#00 I: Chooser: simple
2018-02-25T04:07:32+00:00 Chris-PC#00 I: Configuration suite_name = "suite"
2018-02-25T04:07:32+00:00 Chris-PC#00 I: Configuration cache_filename = "/home/chris/Desktop/soph/cs496/stub/_build/oUnit-$(suite_name).cache"
2018-02-25T04:07:32+00:00 Chris-PC#00 I: Configuration display = "true"
2018-02-25T04:07:32+00:00 Chris-PC#00 I: Configuration results_style_1_X = "false"
2018-02-25T04:07:32+00:00 Chris-PC#00 I: Configuration verbose = "false"
2018-02-25T04:07:32+00:00 Chris-PC#00 I: Configuration health_check_interval = "1."
2018-02-25T04:07:32+00:00 Chris-PC#00 I: Configuration testdata_dir = "none"
2018-02-25T04:07:32+00:00 Chris-PC#00 I: Configuration chooser = "simple"
2018-02-25T04:07:32+00:00 Chris-PC#00 I: Configuration output_html_dir = "none"
2018-02-25T04:07:32+00:00 Chris-PC#00 I: Configuration processes_kill_period = "5."
2018-02-25T04:07:32+00:00 Chris-PC#00 I: Configuration runner = "processes"
2018-02-25T04:07:32+00:00 Chris-PC#00 I: Configuration shards = "2"
2018-02-25T04:07:32+00:00 Chris-PC#00 I: Configuration processes_grace_period = "5."
2018-02-25T04:07:32+00:00 Chris-PC#00 I: Configuration log_encoding = "utf-8"
2018-02-25T04:07:32+00:00 Chris-PC#00 I: Configuration output_junit_file = "none"
2018-02-25T04:07:32+00:00 Chris-PC#00 I: Configuration output_file = "/home/chris/Desktop/soph/cs496/stub/_build/oUnit-$(suite_name)-$(shard_id).log"
2018-02-25T04:07:32+00:00 Chris-PC#00 I: Using 2 workers maximum.
2018-02-25T04:07:32+00:00 Chris-PC#00 I: Starting worker number Chris-PC#01.
2018-02-25T04:07:32+00:00 Chris-PC#00 I: Worker Chris-PC#01 started.
2018-02-25T04:07:32+00:00 Chris-PC#00 I: Starting worker number Chris-PC#02.
2018-02-25T04:07:32+00:00 Chris-PC#00 I: Worker Chris-PC#02 started.
2018-02-25T04:07:32+00:00 Chris-PC#00 I: 2 tests running: suite:1:add, suite:0:int.
2018-02-25T04:07:32+00:00 Chris-PC#01 I: Start test suite:0:int.
2018-02-25T04:07:32+00:00 Chris-PC#00 I: 2 tests running: suite:1:add, suite:0:int.
2018-02-25T04:07:32+00:00 Chris-PC#02 I: Start test suite:1:add.
2018-02-25T04:07:32+00:00 Chris-PC#00 I: 2 tests running: suite:1:add, suite:0:int.
2018-02-25T04:07:32+00:00 Chris-PC#01 I: Test suite:0:int is successful.
2018-02-25T04:07:32+00:00 Chris-PC#00 I: 2 tests running: suite:1:add, suite:0:int.
2018-02-25T04:07:32+00:00 Chris-PC#01 I: End test suite:0:int.
2018-02-25T04:07:32+00:00 Chris-PC#02 I: Test suite:1:add is successful.
2018-02-25T04:07:32+00:00 Chris-PC#00 I: 2 tests running: suite:1:add, suite:0:int.
2018-02-25T04:07:32+00:00 Chris-PC#02 I: End test suite:1:add.
2018-02-25T04:07:32+00:00 Chris-PC#00 I: 2 tests running: suite:2:adds, suite:1:add.
2018-02-25T04:07:32+00:00 Chris-PC#00 I: 2 tests running: suite:3:let, suite:2:adds.
2018-02-25T04:07:32+00:00 Chris-PC#01 I: Start test suite:2:adds.
2018-02-25T04:07:32+00:00 Chris-PC#00 I: 2 tests running: suite:3:let, suite:2:adds.
2018-02-25T04:07:32+00:00 Chris-PC#02 I: Start test suite:3:let.
2018-02-25T04:07:32+00:00 Chris-PC#00 I: 2 tests running: suite:3:let, suite:2:adds.
2018-02-25T04:07:32+00:00 Chris-PC#01 I: Test suite:2:adds is successful.
2018-02-25T04:07:32+00:00 Chris-PC#02 I: Test suite:3:let is successful.
2018-02-25T04:07:32+00:00 Chris-PC#00 I: 2 tests running: suite:3:let, suite:2:adds.
2018-02-25T04:07:32+00:00 Chris-PC#01 I: End test suite:2:adds.
2018-02-25T04:07:32+00:00 Chris-PC#02 I: End test suite:3:let.
2018-02-25T04:07:32+00:00 Chris-PC#00 I: 2 tests running: suite:3:let, suite:2:adds.
2018-02-25T04:07:32+00:00 Chris-PC#00 I: 2 tests running: suite:5:abs1, suite:4:lets.
2018-02-25T04:07:32+00:00 Chris-PC#02 I: Start test suite:4:lets.
2018-02-25T04:07:32+00:00 Chris-PC#00 I: 2 tests running: suite:5:abs1, suite:4:lets.
2018-02-25T04:07:32+00:00 Chris-PC#01 I: Start test suite:5:abs1.
2018-02-25T04:07:32+00:00 Chris-PC#00 I: 2 tests running: suite:5:abs1, suite:4:lets.
2018-02-25T04:07:32+00:00 Chris-PC#02 I: Test suite:4:lets is successful.
2018-02-25T04:07:32+00:00 Chris-PC#01 I: Test suite:5:abs1 is successful.
2018-02-25T04:07:32+00:00 Chris-PC#00 I: 2 tests running: suite:5:abs1, suite:4:lets.
2018-02-25T04:07:32+00:00 Chris-PC#02 I: End test suite:4:lets.
2018-02-25T04:07:32+00:00 Chris-PC#01 I: End test suite:5:abs1.
2018-02-25T04:07:32+00:00 Chris-PC#00 I: 2 tests running: suite:5:abs1, suite:4:lets.
2018-02-25T04:07:32+00:00 Chris-PC#00 I: 2 tests running: suite:7:cons, suite:6:abs2.
2018-02-25T04:07:32+00:00 Chris-PC#01 I: Start test suite:6:abs2.
2018-02-25T04:07:32+00:00 Chris-PC#02 I: Start test suite:7:cons.
2018-02-25T04:07:32+00:00 Chris-PC#00 I: 2 tests running: suite:7:cons, suite:6:abs2.
2018-02-25T04:07:32+00:00 Chris-PC#01 I: Test suite:6:abs2 is successful.
2018-02-25T04:07:32+00:00 Chris-PC#02 I: Test suite:7:cons is successful.
2018-02-25T04:07:32+00:00 Chris-PC#00 I: 2 tests running: suite:7:cons, suite:6:abs2.
2018-02-25T04:07:32+00:00 Chris-PC#01 I: End test suite:6:abs2.
2018-02-25T04:07:32+00:00 Chris-PC#02 I: End test suite:7:cons.
2018-02-25T04:07:32+00:00 Chris-PC#00 I: 2 tests running: suite:7:cons, suite:6:abs2.
2018-02-25T04:07:32+00:00 Chris-PC#00 I: 2 tests running: suite:9:con3, suite:8:con2.
2018-02-25T04:07:32+00:00 Chris-PC#02 I: Start test suite:8:con2.
2018-02-25T04:07:32+00:00 Chris-PC#00 I: 2 tests running: suite:9:con3, suite:8:con2.
2018-02-25T04:07:32+00:00 Chris-PC#01 I: Start test suite:9:con3.
2018-02-25T04:07:32+00:00 Chris-PC#00 I: 2 tests running: suite:9:con3, suite:8:con2.
2018-02-25T04:07:32+00:00 Chris-PC#02 I: Test suite:8:con2 is successful.
2018-02-25T04:07:32+00:00 Chris-PC#00 I: 2 tests running: suite:9:con3, suite:8:con2.
2018-02-25T04:07:32+00:00 Chris-PC#02 I: End test suite:8:con2.
2018-02-25T04:07:32+00:00 Chris-PC#00 I: 2 tests running: suite:9:con3, suite:8:con2.
2018-02-25T04:07:32+00:00 Chris-PC#00 I: 2 tests running: suite:10:nil1, suite:9:con3.
2018-02-25T04:07:32+00:00 Chris-PC#02 I: Start test suite:10:nil1.
2018-02-25T04:07:32+00:00 Chris-PC#00 I: 2 tests running: suite:10:nil1, suite:9:con3.
2018-02-25T04:07:32+00:00 Chris-PC#01 I: Test suite:9:con3 is successful.
2018-02-25T04:07:32+00:00 Chris-PC#00 I: 2 tests running: suite:10:nil1, suite:9:con3.
2018-02-25T04:07:32+00:00 Chris-PC#01 I: End test suite:9:con3.
2018-02-25T04:07:32+00:00 Chris-PC#00 I: 2 tests running: suite:10:nil1, suite:9:con3.
2018-02-25T04:07:32+00:00 Chris-PC#00 I: 2 tests running: suite:11:nil2, suite:10:nil1.
2018-02-25T04:07:32+00:00 Chris-PC#01 I: Start test suite:11:nil2.
2018-02-25T04:07:32+00:00 Chris-PC#00 I: 2 tests running: suite:11:nil2, suite:10:nil1.
2018-02-25T04:07:32+00:00 Chris-PC#02 I: Test suite:10:nil1 is successful.
2018-02-25T04:07:32+00:00 Chris-PC#00 I: 2 tests running: suite:11:nil2, suite:10:nil1.
2018-02-25T04:07:32+00:00 Chris-PC#02 I: End test suite:10:nil1.
2018-02-25T04:07:32+00:00 Chris-PC#00 I: 2 tests running: suite:11:nil2, suite:10:nil1.
2018-02-25T04:07:32+00:00 Chris-PC#00 I: 2 tests running: suite:12:tl, suite:11:nil2.
2018-02-25T04:07:32+00:00 Chris-PC#02 I: Start test suite:12:tl.
2018-02-25T04:07:32+00:00 Chris-PC#00 I: 2 tests running: suite:12:tl, suite:11:nil2.
2018-02-25T04:07:32+00:00 Chris-PC#01 I: Test suite:11:nil2 is successful.
2018-02-25T04:07:32+00:00 Chris-PC#00 I: 2 tests running: suite:12:tl, suite:11:nil2.
2018-02-25T04:07:32+00:00 Chris-PC#01 I: End test suite:11:nil2.
2018-02-25T04:07:32+00:00 Chris-PC#00 I: 2 tests running: suite:12:tl, suite:11:nil2.
2018-02-25T04:07:32+00:00 Chris-PC#00 I: Still 2 tests running : suite:13:cons, suite:12:tl.
2018-02-25T04:07:32+00:00 Chris-PC#00 I: 2 tests running: suite:13:cons, suite:12:tl.
2018-02-25T04:07:32+00:00 Chris-PC#01 I: Start test suite:13:cons.
2018-02-25T04:07:32+00:00 Chris-PC#00 I: Still 2 tests running : suite:13:cons, suite:12:tl.
2018-02-25T04:07:32+00:00 Chris-PC#00 I: 2 tests running: suite:13:cons, suite:12:tl.
2018-02-25T04:07:32+00:00 Chris-PC#02 I: Test suite:12:tl is successful.
2018-02-25T04:07:32+00:00 Chris-PC#00 I: Still 2 tests running : suite:13:cons, suite:12:tl.
2018-02-25T04:07:32+00:00 Chris-PC#00 I: 2 tests running: suite:13:cons, suite:12:tl.
2018-02-25T04:07:32+00:00 Chris-PC#02 I: End test suite:12:tl.
2018-02-25T04:07:32+00:00 Chris-PC#00 I: Still 2 tests running : suite:13:cons, suite:12:tl.
2018-02-25T04:07:32+00:00 Chris-PC#00 I: 2 tests running: suite:13:cons, suite:12:tl.
2018-02-25T04:07:32+00:00 Chris-PC#00 I: Still 1 tests running : suite:13:cons.
2018-02-25T04:07:32+00:00 Chris-PC#00 I: 1 tests running: suite:13:cons.
2018-02-25T04:07:32+00:00 Chris-PC#01 I: Test suite:13:cons is successful.
2018-02-25T04:07:32+00:00 Chris-PC#00 I: Still 1 tests running : suite:13:cons.
2018-02-25T04:07:32+00:00 Chris-PC#00 I: 1 tests running: suite:13:cons.
2018-02-25T04:07:32+00:00 Chris-PC#01 I: End test suite:13:cons.
2018-02-25T04:07:32+00:00 Chris-PC#00 I: Still 1 tests running : suite:13:cons.
2018-02-25T04:07:32+00:00 Chris-PC#00 I: 1 tests running: suite:13:cons.
2018-02-25T04:07:32+00:00 Chris-PC#00 I: 0 tests running: .
2018-02-25T04:07:32+00:00 Chris-PC#00 I: Worker Chris-PC#02 has ended.
2018-02-25T04:07:32+00:00 Chris-PC#00 I: Worker Chris-PC#01 has ended.
2018-02-25T04:07:32+00:00 Chris-PC#00 I: Used 2 worker during test execution.
2018-02-25T04:07:32+00:00 Chris-PC#00 I: Run 7 tests with shard Chris-PC#01.
2018-02-25T04:07:32+00:00 Chris-PC#00 I: Run 7 tests with shard Chris-PC#02.
2018-02-25T04:07:32+00:00 Chris-PC#00 I: ==============
2018-02-25T04:07:32+00:00 Chris-PC#00 I: Summary:
2018-02-25T04:07:32+00:00 Chris-PC#00 I: Test suite:13:cons is successful.
2018-02-25T04:07:32+00:00 Chris-PC#00 I: Test suite:12:tl is successful.
2018-02-25T04:07:32+00:00 Chris-PC#00 I: Test suite:11:nil2 is successful.
2018-02-25T04:07:32+00:00 Chris-PC#00 I: Test suite:10:nil1 is successful.
2018-02-25T04:07:32+00:00 Chris-PC#00 I: Test suite:9:con3 is successful.
2018-02-25T04:07:32+00:00 Chris-PC#00 I: Test suite:8:con2 is successful.
2018-02-25T04:07:32+00:00 Chris-PC#00 I: Test suite:7:cons is successful.
2018-02-25T04:07:32+00:00 Chris-PC#00 I: Test suite:6:abs2 is successful.
2018-02-25T04:07:32+00:00 Chris-PC#00 I: Test suite:5:abs1 is successful.
2018-02-25T04:07:32+00:00 Chris-PC#00 I: Test suite:4:lets is successful.
2018-02-25T04:07:32+00:00 Chris-PC#00 I: Test suite:3:let is successful.
2018-02-25T04:07:32+00:00 Chris-PC#00 I: Test suite:2:adds is successful.
2018-02-25T04:07:32+00:00 Chris-PC#00 I: Test suite:1:add is successful.
2018-02-25T04:07:32+00:00 Chris-PC#00 I: Test suite:0:int is successful.
2018-02-25T04:07:32+00:00 Chris-PC#00 I: Ran: 14 tests in: 0.13 seconds.
2018-02-25T04:07:32+00:00 Chris-PC#00 I: Cases: 14.
2018-02-25T04:07:32+00:00 Chris-PC#00 I: Tried: 14.
2018-02-25T04:07:32+00:00 Chris-PC#00 I: Errors: 0.
2018-02-25T04:07:32+00:00 Chris-PC#00 I: Failures: 0.
2018-02-25T04:07:32+00:00 Chris-PC#00 I: Skip: 0.
2018-02-25T04:07:32+00:00 Chris-PC#00 I: Todo: 0.
2018-02-25T04:07:32+00:00 Chris-PC#00 I: Timeout: 0.
