2018-02-25T04:07:32+00:00 Chris-PC#01 I: Start test suite:0:int.
2018-02-25T04:07:32+00:00 Chris-PC#01 I: Test suite:0:int is successful.
2018-02-25T04:07:32+00:00 Chris-PC#01 I: End test suite:0:int.
2018-02-25T04:07:32+00:00 Chris-PC#01 I: Start test suite:2:adds.
2018-02-25T04:07:32+00:00 Chris-PC#01 I: Test suite:2:adds is successful.
2018-02-25T04:07:32+00:00 Chris-PC#01 I: End test suite:2:adds.
2018-02-25T04:07:32+00:00 Chris-PC#01 I: Start test suite:5:abs1.
2018-02-25T04:07:32+00:00 Chris-PC#01 I: Test suite:5:abs1 is successful.
2018-02-25T04:07:32+00:00 Chris-PC#01 I: End test suite:5:abs1.
2018-02-25T04:07:32+00:00 Chris-PC#01 I: Start test suite:6:abs2.
2018-02-25T04:07:32+00:00 Chris-PC#01 I: Test suite:6:abs2 is successful.
2018-02-25T04:07:32+00:00 Chris-PC#01 I: End test suite:6:abs2.
2018-02-25T04:07:32+00:00 Chris-PC#01 I: Start test suite:9:con3.
2018-02-25T04:07:32+00:00 Chris-PC#01 I: Test suite:9:con3 is successful.
2018-02-25T04:07:32+00:00 Chris-PC#01 I: End test suite:9:con3.
2018-02-25T04:07:32+00:00 Chris-PC#01 I: Start test suite:11:nil2.
2018-02-25T04:07:32+00:00 Chris-PC#01 I: Test suite:11:nil2 is successful.
2018-02-25T04:07:32+00:00 Chris-PC#01 I: End test suite:11:nil2.
2018-02-25T04:07:32+00:00 Chris-PC#01 I: Start test suite:13:cons.
2018-02-25T04:07:32+00:00 Chris-PC#01 I: Test suite:13:cons is successful.
2018-02-25T04:07:32+00:00 Chris-PC#01 I: End test suite:13:cons.
