2018-02-25T04:07:32+00:00 Chris-PC#02 I: Start test suite:1:add.
2018-02-25T04:07:32+00:00 Chris-PC#02 I: Test suite:1:add is successful.
2018-02-25T04:07:32+00:00 Chris-PC#02 I: End test suite:1:add.
2018-02-25T04:07:32+00:00 Chris-PC#02 I: Start test suite:3:let.
2018-02-25T04:07:32+00:00 Chris-PC#02 I: Test suite:3:let is successful.
2018-02-25T04:07:32+00:00 Chris-PC#02 I: End test suite:3:let.
2018-02-25T04:07:32+00:00 Chris-PC#02 I: Start test suite:4:lets.
2018-02-25T04:07:32+00:00 Chris-PC#02 I: Test suite:4:lets is successful.
2018-02-25T04:07:32+00:00 Chris-PC#02 I: End test suite:4:lets.
2018-02-25T04:07:32+00:00 Chris-PC#02 I: Start test suite:7:cons.
2018-02-25T04:07:32+00:00 Chris-PC#02 I: Test suite:7:cons is successful.
2018-02-25T04:07:32+00:00 Chris-PC#02 I: End test suite:7:cons.
2018-02-25T04:07:32+00:00 Chris-PC#02 I: Start test suite:8:con2.
2018-02-25T04:07:32+00:00 Chris-PC#02 I: Test suite:8:con2 is successful.
2018-02-25T04:07:32+00:00 Chris-PC#02 I: End test suite:8:con2.
2018-02-25T04:07:32+00:00 Chris-PC#02 I: Start test suite:10:nil1.
2018-02-25T04:07:32+00:00 Chris-PC#02 I: Test suite:10:nil1 is successful.
2018-02-25T04:07:32+00:00 Chris-PC#02 I: End test suite:10:nil1.
2018-02-25T04:07:32+00:00 Chris-PC#02 I: Start test suite:12:tl.
2018-02-25T04:07:32+00:00 Chris-PC#02 I: Test suite:12:tl is successful.
2018-02-25T04:07:32+00:00 Chris-PC#02 I: End test suite:12:tl.
